<?xml version="1.0" encoding="UTF-8"?>
<!-- Generated by org.testng.reporters.JUnitReportReporter -->
<testsuite skipped="0" hostname="DESKTOP-UEKV3TE" name="Acti.Testcases.TC5_DeleteProject" tests="1" failures="0" timestamp="2020-03-17T20:36:17 IST" time="5.645" errors="0">
  <testcase name="DeleteProject" time="5.645" classname="Acti.Testcases.TC5_DeleteProject"/>
</testsuite> <!-- Acti.Testcases.TC5_DeleteProject -->
