<?xml version="1.0" encoding="UTF-8"?>
<!-- Generated by org.testng.reporters.JUnitReportReporter -->
<testsuite skipped="0" hostname="DESKTOP-UEKV3TE" name="Acti.Testcases.TC4_CreateProject" tests="1" failures="0" timestamp="2020-03-17T20:36:17 IST" time="7.429" errors="0">
  <testcase name="CreateProject" time="7.429" classname="Acti.Testcases.TC4_CreateProject"/>
</testsuite> <!-- Acti.Testcases.TC4_CreateProject -->
