<?xml version="1.0" encoding="UTF-8"?>
<!-- Generated by org.testng.reporters.JUnitReportReporter -->
<testsuite skipped="0" hostname="DESKTOP-UEKV3TE" name="Acti.Testcases.TC_Login" tests="3" failures="0" timestamp="2020-03-17T20:36:17 IST" time="15.828" errors="0">
  <testcase name="positiveLoginTest" time="7.537" classname="Acti.Testcases.TC_Login"/>
  <testcase name="negativeLoginTest1" time="4.461" classname="Acti.Testcases.TC_Login"/>
  <testcase name="negativeLoginTest2" time="3.830" classname="Acti.Testcases.TC_Login"/>
</testsuite> <!-- Acti.Testcases.TC_Login -->
