<?xml version="1.0" encoding="UTF-8"?>
<!-- Generated by org.testng.reporters.JUnitReportReporter -->
<testsuite skipped="0" hostname="DESKTOP-UEKV3TE" name="Acti.Testcases.TC10_DeleteUser" tests="1" failures="0" timestamp="2020-03-18T02:00:01 IST" time="8.822" errors="0">
  <testcase name="CreateNewUser" time="8.822" classname="Acti.Testcases.TC10_DeleteUser"/>
</testsuite> <!-- Acti.Testcases.TC10_DeleteUser -->
