<?xml version="1.0" encoding="UTF-8"?>
<!-- Generated by org.testng.reporters.JUnitReportReporter -->
<testsuite skipped="0" hostname="DESKTOP-UEKV3TE" name="Acti.Testcases.TC3_DeleteCustomer" tests="1" failures="0" timestamp="2020-03-17T20:36:17 IST" time="5.606" errors="0">
  <testcase name="deleteCustomer" time="5.606" classname="Acti.Testcases.TC3_DeleteCustomer"/>
</testsuite> <!-- Acti.Testcases.TC3_DeleteCustomer -->
