<?xml version="1.0" encoding="UTF-8"?>
<!-- Generated by org.testng.reporters.JUnitReportReporter -->
<testsuite skipped="0" hostname="DESKTOP-UEKV3TE" name="Acti.Testcases.TC7_DeleteTask" tests="1" failures="0" timestamp="2020-03-18T00:46:56 IST" time="8.801" errors="0">
  <testcase name="CreateCutomer1" time="8.801" classname="Acti.Testcases.TC7_DeleteTask"/>
</testsuite> <!-- Acti.Testcases.TC7_DeleteTask -->
