<?xml version="1.0" encoding="UTF-8"?>
<!-- Generated by org.testng.reporters.JUnitReportReporter -->
<testsuite skipped="0" hostname="DESKTOP-UEKV3TE" name="Acti.Testcases.TC2_CreateCustomer" tests="1" failures="0" timestamp="2020-03-17T20:36:17 IST" time="7.658" errors="0">
  <testcase name="CreateCutomer1" time="7.658" classname="Acti.Testcases.TC2_CreateCustomer"/>
</testsuite> <!-- Acti.Testcases.TC2_CreateCustomer -->
