<?xml version="1.0" encoding="UTF-8"?>
<!-- Generated by org.testng.reporters.JUnitReportReporter -->
<testsuite skipped="0" hostname="DESKTOP-UEKV3TE" name="Acti.Testcases.TC9_CreateNewUser" tests="1" failures="0" timestamp="2020-03-18T01:39:31 IST" time="9.602" errors="0">
  <testcase name="CreateCutomer1" time="9.602" classname="Acti.Testcases.TC9_CreateNewUser"/>
</testsuite> <!-- Acti.Testcases.TC9_CreateNewUser -->
