<?xml version="1.0" encoding="UTF-8"?>
<!-- Generated by org.testng.reporters.JUnitReportReporter -->
<testsuite skipped="0" hostname="DESKTOP-UEKV3TE" name="Acti.Testcases.TC6_CreateNewTask" tests="1" failures="0" timestamp="2020-03-17T20:40:38 IST" time="13.299" errors="0">
  <testcase name="CreateCutomer1" time="13.299" classname="Acti.Testcases.TC6_CreateNewTask"/>
</testsuite> <!-- Acti.Testcases.TC6_CreateNewTask -->
