<?xml version="1.0" encoding="UTF-8"?>
<!-- Generated by org.testng.reporters.JUnitReportReporter -->
<testsuite skipped="0" hostname="DESKTOP-UEKV3TE" name="Acti.Testcases.TC8_CreateNewUser" tests="1" failures="0" timestamp="2020-03-18T02:02:56 IST" time="9.269" errors="0">
  <testcase name="CreateNewUser" time="9.269" classname="Acti.Testcases.TC8_CreateNewUser"/>
</testsuite> <!-- Acti.Testcases.TC8_CreateNewUser -->
