<?xml version="1.0" encoding="UTF-8"?>
<!-- Generated by org.testng.reporters.JUnitReportReporter -->
<testsuite skipped="0" hostname="DESKTOP-UEKV3TE" name="Acti.Testcases.TC9_LoginNewUser" tests="1" failures="0" timestamp="2020-03-18T02:02:56 IST" time="7.438" errors="0">
  <testcase name="LoginNewUser" time="7.438" classname="Acti.Testcases.TC9_LoginNewUser"/>
</testsuite> <!-- Acti.Testcases.TC9_LoginNewUser -->
