<?xml version="1.0" encoding="UTF-8"?>
<!-- Generated by org.testng.reporters.JUnitReportReporter -->
<testsuite skipped="0" hostname="DESKTOP-UEKV3TE" name="Acti.Testcases.TC3_DeleteCustomer" tests="1" failures="0" timestamp="2020-03-18T02:02:56 IST" time="6.433" errors="0">
  <testcase name="deleteCustomer" time="6.433" classname="Acti.Testcases.TC3_DeleteCustomer"/>
</testsuite> <!-- Acti.Testcases.TC3_DeleteCustomer -->
