<?xml version="1.0" encoding="UTF-8"?>
<!-- Generated by org.testng.reporters.JUnitReportReporter -->
<testsuite skipped="0" hostname="DESKTOP-UEKV3TE" name="Acti.Testcases.TC_Login" tests="3" failures="0" timestamp="2020-03-18T02:02:56 IST" time="15.527" errors="0">
  <testcase name="positiveLoginTest" time="6.347" classname="Acti.Testcases.TC_Login"/>
  <testcase name="negativeLoginTest1" time="5.909" classname="Acti.Testcases.TC_Login"/>
  <testcase name="negativeLoginTest2" time="3.271" classname="Acti.Testcases.TC_Login"/>
</testsuite> <!-- Acti.Testcases.TC_Login -->
