<?xml version="1.0" encoding="UTF-8"?>
<!-- Generated by org.testng.reporters.JUnitReportReporter -->
<testsuite skipped="0" hostname="DESKTOP-UEKV3TE" name="Acti.Testcases.TC10_DeleteUser" tests="1" failures="0" timestamp="2020-03-18T02:02:56 IST" time="7.690" errors="0">
  <testcase name="DeleteUser" time="7.690" classname="Acti.Testcases.TC10_DeleteUser"/>
</testsuite> <!-- Acti.Testcases.TC10_DeleteUser -->
