<?xml version="1.0" encoding="UTF-8"?>
<!-- Generated by org.testng.reporters.JUnitReportReporter -->
<testsuite skipped="0" hostname="DESKTOP-UEKV3TE" name="Acti.Testcases.TC7_DeleteTask" tests="1" failures="0" timestamp="2020-03-18T02:02:56 IST" time="9.530" errors="0">
  <testcase name="DeleteTask" time="9.530" classname="Acti.Testcases.TC7_DeleteTask"/>
</testsuite> <!-- Acti.Testcases.TC7_DeleteTask -->
